Fri 12 Apr 2024 03:12:05 pm EDT cbw24-1.tar was created
Fri 12 Apr 2024 03:12:26 pm EDT ibw24-1.tar was created
Fri 12 Apr 2024 03:12:47 pm EDT ibw24-2.tar was created
Fri 12 Apr 2024 03:13:08 pm EDT dbw24-1.tar was created
Fri 12 Apr 2024 03:13:29 pm EDT ibw24-3.tar was created
Fri 12 Apr 2024 03:13:34 pm EDT cbw24-2.tar was created
Fri 12 Apr 2024 03:13:55 pm EDT No changes-Incremental backup was not created
Fri 12 Apr 2024 03:14:16 pm EDT No changes-Incremental backup was not created
Fri 12 Apr 2024 03:14:37 pm EDT No changes-Differential backup was not created
Fri 12 Apr 2024 03:14:58 pm EDT No changes-Incremental backup was not created
Fri 12 Apr 2024 03:15:02 pm EDT cbw24-3.tar was created
Fri 12 Apr 2024 03:15:23 pm EDT No changes-Incremental backup was not created
Fri 12 Apr 2024 03:15:44 pm EDT No changes-Incremental backup was not created
Fri 12 Apr 2024 03:16:05 pm EDT No changes-Differential backup was not created
Fri 12 Apr 2024 03:16:26 pm EDT No changes-Incremental backup was not created
Fri 12 Apr 2024 03:16:32 pm EDT cbw24-4.tar was created
Fri 12 Apr 2024 03:16:52 pm EDT No changes-Incremental backup was not created
Fri 12 Apr 2024 03:17:13 pm EDT No changes-Incremental backup was not created
Fri 12 Apr 2024 04:19:06 pm EDT cbw24-1.tar was created
Fri 12 Apr 2024 04:21:37 pm EDT cbw24-1.tar was created
Fri 12 Apr 2024 04:21:57 pm EDT ibw24-1.tar was created
